<?xml version="1.0" encoding="UTF-8"?>
<!-- Generated by org.testng.reporters.JUnitReportReporter -->
<testsuite skipped="0" hostname="DESKTOP-E7C44F9" name="com.qa.GoogleAPI.POSTRequest" tests="1" failures="0" timestamp="06 Dec 2019 00:49:49 GMT" time="4.814" errors="0">
  <testcase name="RegisterUserPOSTAPI" time="4.814" classname="com.qa.GoogleAPI.POSTRequest"/>
</testsuite> <!-- com.qa.GoogleAPI.POSTRequest -->
